e:\练习demo\c++demo\firstqt\x64\debug\firstqt.obj
e:\练习demo\c++demo\firstqt\x64\debug\moc_firstqt.obj
e:\练习demo\c++demo\firstqt\x64\debug\moc_finddialog.obj
e:\练习demo\c++demo\firstqt\x64\debug\finddialog.obj
e:\练习demo\c++demo\firstqt\x64\debug\main.obj
e:\练习demo\c++demo\firstqt\x64\debug\qrc_firstqt.obj
e:\练习demo\c++demo\firstqt\x64\debug\vc141.pdb
e:\练习demo\c++demo\firstqt\generatedfiles\debug\moc_firstqt.cpp
e:\练习demo\c++demo\firstqt\generatedfiles\debug\moc_finddialog.cpp
e:\练习demo\c++demo\firstqt\generatedfiles\qrc_firstqt.cpp
e:\练习demo\c++demo\firstqt\generatedfiles\ui_firstqt.h
e:\练习demo\c++demo\firstqt\x64\debug\vcpkg.applocal.log
e:\练习demo\c++demo\x64\debug\firstqt.exe
e:\练习demo\c++demo\x64\debug\firstqt.ilk
e:\练习demo\c++demo\x64\debug\firstqt.pdb
e:\练习demo\c++demo\firstqt\.\generatedfiles\debug\moc_firstqt.cpp
e:\练习demo\c++demo\firstqt\.\generatedfiles\debug\moc_finddialog.cpp
e:\练习demo\c++demo\firstqt\.\generatedfiles\qrc_firstqt.cpp
e:\练习demo\c++demo\firstqt\.\generatedfiles\ui_firstqt.h
e:\练习demo\c++demo\firstqt\x64\debug\firstqt.tlog\cl.command.1.tlog
e:\练习demo\c++demo\firstqt\x64\debug\firstqt.tlog\cl.read.1.tlog
e:\练习demo\c++demo\firstqt\x64\debug\firstqt.tlog\cl.write.1.tlog
e:\练习demo\c++demo\firstqt\x64\debug\firstqt.tlog\firstqt.write.1u.tlog
e:\练习demo\c++demo\firstqt\x64\debug\firstqt.tlog\link.command.1.tlog
e:\练习demo\c++demo\firstqt\x64\debug\firstqt.tlog\link.read.1.tlog
e:\练习demo\c++demo\firstqt\x64\debug\firstqt.tlog\link.write.1.tlog
e:\练习demo\c++demo\firstqt\x64\debug\firstqt.tlog\qtmoc.read.1u.tlog
e:\练习demo\c++demo\firstqt\x64\debug\firstqt.tlog\qtmoc.write.1u.tlog
e:\练习demo\c++demo\firstqt\x64\debug\firstqt.tlog\qtrcc.read.1u.tlog
e:\练习demo\c++demo\firstqt\x64\debug\firstqt.tlog\qtrcc.write.1u.tlog
e:\练习demo\c++demo\firstqt\x64\debug\firstqt.tlog\qtuic.read.1u.tlog
e:\练习demo\c++demo\firstqt\x64\debug\firstqt.tlog\qtuic.write.1u.tlog
