e:\练习demo\c++demo\firstqt\x64\release\main.obj
e:\练习demo\c++demo\firstqt\x64\release\moc_firstqt.obj
e:\练习demo\c++demo\firstqt\x64\release\finddialog.obj
e:\练习demo\c++demo\firstqt\x64\release\firstqt.obj
e:\练习demo\c++demo\firstqt\x64\release\test.obj
e:\练习demo\c++demo\firstqt\x64\release\qrc_firstqt.obj
e:\练习demo\c++demo\firstqt\x64\release\moc_finddialog.obj
e:\练习demo\c++demo\firstqt\generatedfiles\ui_firstqt.h
e:\练习demo\c++demo\firstqt\generatedfiles\ui_test.h
e:\练习demo\c++demo\firstqt\generatedfiles\qrc_firstqt.cpp
e:\练习demo\c++demo\firstqt\generatedfiles\release\moc_firstqt.cpp
e:\练习demo\c++demo\firstqt\generatedfiles\release\moc_finddialog.cpp
e:\练习demo\c++demo\firstqt\x64\release\vcpkg.applocal.log
e:\练习demo\c++demo\x64\release\firstqt.exe
e:\练习demo\c++demo\firstqt\.\generatedfiles\release\moc_firstqt.cpp
e:\练习demo\c++demo\firstqt\.\generatedfiles\release\moc_finddialog.cpp
e:\练习demo\c++demo\firstqt\.\generatedfiles\qrc_firstqt.cpp
e:\练习demo\c++demo\firstqt\.\generatedfiles\ui_firstqt.h
e:\练习demo\c++demo\firstqt\.\generatedfiles\ui_test.h
e:\练习demo\c++demo\firstqt\x64\release\firstqt.tlog\cl.12904.write.1.tlog
e:\练习demo\c++demo\firstqt\x64\release\firstqt.tlog\cl.command.1.tlog
e:\练习demo\c++demo\firstqt\x64\release\firstqt.tlog\cl.read.1.tlog
e:\练习demo\c++demo\firstqt\x64\release\firstqt.tlog\firstqt.write.1u.tlog
e:\练习demo\c++demo\firstqt\x64\release\firstqt.tlog\link.command.1.tlog
e:\练习demo\c++demo\firstqt\x64\release\firstqt.tlog\link.read.1.tlog
e:\练习demo\c++demo\firstqt\x64\release\firstqt.tlog\link.write.1.tlog
e:\练习demo\c++demo\firstqt\x64\release\firstqt.tlog\moc.read.1u.tlog
e:\练习demo\c++demo\firstqt\x64\release\firstqt.tlog\moc.write.1u.tlog
e:\练习demo\c++demo\firstqt\x64\release\firstqt.tlog\rcc.read.1u.tlog
e:\练习demo\c++demo\firstqt\x64\release\firstqt.tlog\rcc.write.1u.tlog
e:\练习demo\c++demo\firstqt\x64\release\firstqt.tlog\uic.read.1u.tlog
e:\练习demo\c++demo\firstqt\x64\release\firstqt.tlog\uic.write.1u.tlog
