e:\练习demo\c++demo\notebook\x64\debug\notebook.pch
e:\练习demo\c++demo\notebook\x64\debug\vc141.pdb
e:\练习demo\c++demo\notebook\x64\debug\vc141.idb
e:\练习demo\c++demo\notebook\x64\debug\stdafx.obj
e:\练习demo\c++demo\notebook\x64\debug\notebook.obj
e:\练习demo\c++demo\x64\debug\notebook.exe
e:\练习demo\c++demo\x64\debug\notebook.ilk
e:\练习demo\c++demo\x64\debug\notebook.pdb
e:\练习demo\c++demo\notebook\x64\debug\vcpkg.applocal.log
e:\练习demo\c++demo\notebook\x64\debug\notebook.res
e:\练习demo\c++demo\notebook\x64\debug\notebook.tlog\cl.command.1.tlog
e:\练习demo\c++demo\notebook\x64\debug\notebook.tlog\cl.read.1.tlog
e:\练习demo\c++demo\notebook\x64\debug\notebook.tlog\cl.write.1.tlog
e:\练习demo\c++demo\notebook\x64\debug\notebook.tlog\link.command.1.tlog
e:\练习demo\c++demo\notebook\x64\debug\notebook.tlog\link.read.1.tlog
e:\练习demo\c++demo\notebook\x64\debug\notebook.tlog\link.write.1.tlog
e:\练习demo\c++demo\notebook\x64\debug\notebook.tlog\notebook.write.1u.tlog
e:\练习demo\c++demo\notebook\x64\debug\notebook.tlog\rc.command.1.tlog
e:\练习demo\c++demo\notebook\x64\debug\notebook.tlog\rc.read.1.tlog
e:\练习demo\c++demo\notebook\x64\debug\notebook.tlog\rc.write.1.tlog
